# JRE version: OpenJDK Runtime Environment Microsoft-8035250 (11.0.20+8) (build 11.0.20+8-LTS)
# Java VM: OpenJDK 64-Bit Server VM Microsoft-8035250 (11.0.20+8-LTS, mixed mode, tiered, compressed oops, g1 gc, windows-amd64)
Heap:
 garbage-first heap   total 433152K, used 429961K [0x00000000a0000000, 0x0000000100000000)
  region size 1024K, 6 young (6144K), 3 survivors (3072K)
 Metaspace       used 144034K, capacity 150594K, committed 150920K, reserved 1179648K
  class space    used 18526K, capacity 21002K, committed 21120K, reserved 1048576K
GC Heap History (20 events):
Event: 69.806 GC heap before
{Heap before GC invocations=112 (full 0):
 garbage-first heap   total 349184K, used 307774K [0x00000000a0000000, 0x0000000100000000)
  region size 1024K, 28 young (28672K), 4 survivors (4096K)
 Metaspace       used 141387K, capacity 147765K, committed 147976K, reserved 1177600K
  class space    used 18251K, capacity 20710K, committed 20736K, reserved 1048576K
}
Event: 69.813 GC heap after
{Heap after GC invocations=113 (full 0):
 garbage-first heap   total 349184K, used 282647K [0x00000000a0000000, 0x0000000100000000)
  region size 1024K, 2 young (2048K), 2 survivors (2048K)
 Metaspace       used 141387K, capacity 147765K, committed 147976K, reserved 1177600K
  class space    used 18251K, capacity 20710K, committed 20736K, reserved 1048576K
}
Event: 75.368 GC heap before
{Heap before GC invocations=113 (full 0):
 garbage-first heap   total 349184K, used 306199K [0x00000000a0000000, 0x0000000100000000)
  region size 1024K, 24 young (24576K), 2 survivors (2048K)
 Metaspace       used 141792K, capacity 148282K, committed 148616K, reserved 1177600K
  class space    used 18292K, capacity 20758K, committed 20864K, reserved 1048576K
}
Event: 75.371 GC heap after
{Heap after GC invocations=114 (full 0):
 garbage-first heap   total 349184K, used 282980K [0x00000000a0000000, 0x0000000100000000)
  region size 1024K, 2 young (2048K), 2 survivors (2048K)
 Metaspace       used 141792K, capacity 148282K, committed 148616K, reserved 1177600K
  class space    used 18292K, capacity 20758K, committed 20864K, reserved 1048576K
}
Event: 77.955 GC heap before
{Heap before GC invocations=114 (full 0):
 garbage-first heap   total 349184K, used 304484K [0x00000000a0000000, 0x0000000100000000)
  region size 1024K, 24 young (24576K), 2 survivors (2048K)
 Metaspace       used 142493K, capacity 148985K, committed 149128K, reserved 1177600K
  class space    used 18370K, capacity 20846K, committed 20864K, reserved 1048576K
}
Event: 77.960 GC heap after
{Heap after GC invocations=115 (full 0):
 garbage-first heap   total 349184K, used 283542K [0x00000000a0000000, 0x0000000100000000)
  region size 1024K, 2 young (2048K), 2 survivors (2048K)
 Metaspace       used 142493K, capacity 148985K, committed 149128K, reserved 1177600K
  class space    used 18370K, capacity 20846K, committed 20864K, reserved 1048576K
}
Event: 81.017 GC heap before
{Heap before GC invocations=115 (full 0):
 garbage-first heap   total 349184K, used 305046K [0x00000000a0000000, 0x0000000100000000)
  region size 1024K, 24 young (24576K), 2 survivors (2048K)
 Metaspace       used 142592K, capacity 149050K, committed 149128K, reserved 1177600K
  class space    used 18370K, capacity 20846K, committed 20864K, reserved 1048576K
}
Event: 81.020 GC heap after
{Heap after GC invocations=116 (full 0):
 garbage-first heap   total 349184K, used 283509K [0x00000000a0000000, 0x0000000100000000)
  region size 1024K, 2 young (2048K), 2 survivors (2048K)
 Metaspace       used 142592K, capacity 149050K, committed 149128K, reserved 1177600K
  class space    used 18370K, capacity 20846K, committed 20864K, reserved 1048576K
}
Event: 88.404 GC heap before
{Heap before GC invocations=116 (full 0):
 garbage-first heap   total 349184K, used 305013K [0x00000000a0000000, 0x0000000100000000)
  region size 1024K, 24 young (24576K), 2 survivors (2048K)
 Metaspace       used 142811K, capacity 149217K, committed 149384K, reserved 1177600K
  class space    used 18390K, capacity 20856K, committed 20864K, reserved 1048576K
}
Event: 88.409 GC heap after
{Heap after GC invocations=117 (full 0):
 garbage-first heap   total 349184K, used 283567K [0x00000000a0000000, 0x0000000100000000)
  region size 1024K, 2 young (2048K), 2 survivors (2048K)
 Metaspace       used 142811K, capacity 149217K, committed 149384K, reserved 1177600K
  class space    used 18390K, capacity 20856K, committed 20864K, reserved 1048576K
}
Event: 88.942 GC heap before
{Heap before GC invocations=117 (full 0):
 garbage-first heap   total 349184K, used 309167K [0x00000000a0000000, 0x0000000100000000)
  region size 1024K, 21 young (21504K), 2 survivors (2048K)
 Metaspace       used 143981K, capacity 150522K, committed 150664K, reserved 1179648K
  class space    used 18521K, capacity 21000K, committed 21120K, reserved 1048576K
}
Event: 88.957 GC heap after
{Heap after GC invocations=118 (full 0):
 garbage-first heap   total 349184K, used 295779K [0x00000000a0000000, 0x0000000100000000)
  region size 1024K, 4 young (4096K), 4 survivors (4096K)
 Metaspace       used 143981K, capacity 150522K, committed 150664K, reserved 1179648K
  class space    used 18521K, capacity 21000K, committed 21120K, reserved 1048576K
}
Event: 89.060 GC heap before
{Heap before GC invocations=118 (full 0):
 garbage-first heap   total 349184K, used 348003K [0x00000000a0000000, 0x0000000100000000)
  region size 1024K, 7 young (7168K), 4 survivors (4096K)
 Metaspace       used 144000K, capacity 150530K, committed 150664K, reserved 1179648K
  class space    used 18522K, capacity 21002K, committed 21120K, reserved 1048576K
}
Event: 89.066 GC heap after
{Heap after GC invocations=119 (full 0):
 garbage-first heap   total 356352K, used 344063K [0x00000000a0000000, 0x0000000100000000)
  region size 1024K, 3 young (3072K), 3 survivors (3072K)
 Metaspace       used 144000K, capacity 150530K, committed 150664K, reserved 1179648K
  class space    used 18522K, capacity 21002K, committed 21120K, reserved 1048576K
}
Event: 89.133 GC heap before
{Heap before GC invocations=119 (full 0):
 garbage-first heap   total 364544K, used 362495K [0x00000000a0000000, 0x0000000100000000)
  region size 1024K, 5 young (5120K), 3 survivors (3072K)
 Metaspace       used 144011K, capacity 150594K, committed 150920K, reserved 1179648K
  class space    used 18523K, capacity 21002K, committed 21120K, reserved 1048576K
}
Event: 89.136 GC heap after
{Heap after GC invocations=120 (full 0):
 garbage-first heap   total 368640K, used 359258K [0x00000000a0000000, 0x0000000100000000)
  region size 1024K, 2 young (2048K), 2 survivors (2048K)
 Metaspace       used 144011K, capacity 150594K, committed 150920K, reserved 1179648K
  class space    used 18523K, capacity 21002K, committed 21120K, reserved 1048576K
}
Event: 89.207 GC heap before
{Heap before GC invocations=120 (full 0):
 garbage-first heap   total 385024K, used 382810K [0x00000000a0000000, 0x0000000100000000)
  region size 1024K, 4 young (4096K), 2 survivors (2048K)
 Metaspace       used 144032K, capacity 150594K, committed 150920K, reserved 1179648K
  class space    used 18526K, capacity 21002K, committed 21120K, reserved 1048576K
}
Event: 89.209 GC heap after
{Heap after GC invocations=121 (full 0):
 garbage-first heap   total 388096K, used 375703K [0x00000000a0000000, 0x0000000100000000)
  region size 1024K, 3 young (3072K), 3 survivors (3072K)
 Metaspace       used 144032K, capacity 150594K, committed 150920K, reserved 1179648K
  class space    used 18526K, capacity 21002K, committed 21120K, reserved 1048576K
}
Event: 89.275 GC heap before
{Heap before GC invocations=121 (full 0):
 garbage-first heap   total 396288K, used 394135K [0x00000000a0000000, 0x0000000100000000)
  region size 1024K, 8 young (8192K), 3 survivors (3072K)
 Metaspace       used 144032K, capacity 150594K, committed 150920K, reserved 1179648K
  class space    used 18526K, capacity 21002K, committed 21120K, reserved 1048576K
}
Event: 89.280 GC heap after
{Heap after GC invocations=122 (full 0):
 garbage-first heap   total 401408K, used 389001K [0x00000000a0000000, 0x0000000100000000)
  region size 1024K, 3 young (3072K), 3 survivors (3072K)
 Metaspace       used 144032K, capacity 150594K, committed 150920K, reserved 1179648K
  class space    used 18526K, capacity 21002K, committed 21120K, reserved 1048576K
}

