# JRE version: OpenJDK Runtime Environment Microsoft-8035250 (11.0.20+8) (build 11.0.20+8-LTS)
# Java VM: OpenJDK 64-Bit Server VM Microsoft-8035250 (11.0.20+8-LTS, mixed mode, tiered, compressed oops, g1 gc, windows-amd64)
Heap:
 garbage-first heap   total 325632K, used 170772K [0x00000000a0000000, 0x0000000100000000)
  region size 1024K, 4 young (4096K), 4 survivors (4096K)
 Metaspace       used 107294K, capacity 111662K, committed 111752K, reserved 1144832K
  class space    used 14005K, capacity 15726K, committed 15744K, reserved 1048576K
GC Heap History (20 events):
Event: 41.842 GC heap after
{Heap after GC invocations=81 (full 0):
 garbage-first heap   total 155648K, used 138399K [0x00000000a0000000, 0x0000000100000000)
  region size 1024K, 1 young (1024K), 1 survivors (1024K)
 Metaspace       used 99513K, capacity 103256K, committed 103304K, reserved 1138688K
  class space    used 13028K, capacity 14462K, committed 14464K, reserved 1048576K
}
Event: 41.943 GC heap before
{Heap before GC invocations=81 (full 0):
 garbage-first heap   total 155648K, used 144543K [0x00000000a0000000, 0x0000000100000000)
  region size 1024K, 7 young (7168K), 1 survivors (1024K)
 Metaspace       used 99638K, capacity 103433K, committed 103688K, reserved 1138688K
  class space    used 13043K, capacity 14512K, committed 14592K, reserved 1048576K
}
Event: 41.947 GC heap after
{Heap after GC invocations=82 (full 0):
 garbage-first heap   total 155648K, used 140051K [0x00000000a0000000, 0x0000000100000000)
  region size 1024K, 1 young (1024K), 1 survivors (1024K)
 Metaspace       used 99638K, capacity 103433K, committed 103688K, reserved 1138688K
  class space    used 13043K, capacity 14512K, committed 14592K, reserved 1048576K
}
Event: 42.069 GC heap before
{Heap before GC invocations=83 (full 0):
 garbage-first heap   total 155648K, used 146195K [0x00000000a0000000, 0x0000000100000000)
  region size 1024K, 7 young (7168K), 1 survivors (1024K)
 Metaspace       used 99763K, capacity 103734K, committed 103944K, reserved 1138688K
  class space    used 13063K, capacity 14591K, committed 14592K, reserved 1048576K
}
Event: 42.073 GC heap after
{Heap after GC invocations=84 (full 0):
 garbage-first heap   total 217088K, used 141803K [0x00000000a0000000, 0x0000000100000000)
  region size 1024K, 1 young (1024K), 1 survivors (1024K)
 Metaspace       used 99763K, capacity 103734K, committed 103944K, reserved 1138688K
  class space    used 13063K, capacity 14591K, committed 14592K, reserved 1048576K
}
Event: 42.301 GC heap before
{Heap before GC invocations=84 (full 0):
 garbage-first heap   total 217088K, used 157163K [0x00000000a0000000, 0x0000000100000000)
  region size 1024K, 17 young (17408K), 1 survivors (1024K)
 Metaspace       used 99817K, capacity 103821K, committed 104072K, reserved 1138688K
  class space    used 13065K, capacity 14594K, committed 14720K, reserved 1048576K
}
Event: 42.306 GC heap after
{Heap after GC invocations=85 (full 0):
 garbage-first heap   total 217088K, used 145008K [0x00000000a0000000, 0x0000000100000000)
  region size 1024K, 3 young (3072K), 3 survivors (3072K)
 Metaspace       used 99817K, capacity 103821K, committed 104072K, reserved 1138688K
  class space    used 13065K, capacity 14594K, committed 14720K, reserved 1048576K
}
Event: 42.556 GC heap before
{Heap before GC invocations=86 (full 0):
 garbage-first heap   total 217088K, used 164464K [0x00000000a0000000, 0x0000000100000000)
  region size 1024K, 22 young (22528K), 3 survivors (3072K)
 Metaspace       used 100875K, capacity 104881K, committed 105224K, reserved 1140736K
  class space    used 13202K, capacity 14733K, committed 14848K, reserved 1048576K
}
Event: 42.561 GC heap after
{Heap after GC invocations=87 (full 0):
 garbage-first heap   total 217088K, used 148950K [0x00000000a0000000, 0x0000000100000000)
  region size 1024K, 3 young (3072K), 3 survivors (3072K)
 Metaspace       used 100875K, capacity 104881K, committed 105224K, reserved 1140736K
  class space    used 13202K, capacity 14733K, committed 14848K, reserved 1048576K
}
Event: 42.739 GC heap before
{Heap before GC invocations=87 (full 0):
 garbage-first heap   total 217088K, used 168406K [0x00000000a0000000, 0x0000000100000000)
  region size 1024K, 22 young (22528K), 3 survivors (3072K)
 Metaspace       used 101656K, capacity 105684K, committed 105864K, reserved 1140736K
  class space    used 13300K, capacity 14874K, committed 14976K, reserved 1048576K
}
Event: 42.744 GC heap after
{Heap after GC invocations=88 (full 0):
 garbage-first heap   total 217088K, used 151574K [0x00000000a0000000, 0x0000000100000000)
  region size 1024K, 3 young (3072K), 3 survivors (3072K)
 Metaspace       used 101656K, capacity 105684K, committed 105864K, reserved 1140736K
  class space    used 13300K, capacity 14874K, committed 14976K, reserved 1048576K
}
Event: 43.166 GC heap before
{Heap before GC invocations=89 (full 0):
 garbage-first heap   total 217088K, used 171030K [0x00000000a0000000, 0x0000000100000000)
  region size 1024K, 22 young (22528K), 3 survivors (3072K)
 Metaspace       used 102109K, capacity 106259K, committed 106504K, reserved 1140736K
  class space    used 13358K, capacity 14992K, committed 15104K, reserved 1048576K
}
Event: 43.176 GC heap after
{Heap after GC invocations=90 (full 0):
 garbage-first heap   total 271360K, used 154638K [0x00000000a0000000, 0x0000000100000000)
  region size 1024K, 3 young (3072K), 3 survivors (3072K)
 Metaspace       used 102109K, capacity 106259K, committed 106504K, reserved 1140736K
  class space    used 13358K, capacity 14992K, committed 15104K, reserved 1048576K
}
Event: 43.253 GC heap before
{Heap before GC invocations=90 (full 0):
 garbage-first heap   total 271360K, used 159758K [0x00000000a0000000, 0x0000000100000000)
  region size 1024K, 9 young (9216K), 3 survivors (3072K)
 Metaspace       used 102155K, capacity 106345K, committed 106504K, reserved 1140736K
  class space    used 13363K, capacity 14998K, committed 15104K, reserved 1048576K
}
Event: 43.259 GC heap after
{Heap after GC invocations=91 (full 0):
 garbage-first heap   total 271360K, used 155457K [0x00000000a0000000, 0x0000000100000000)
  region size 1024K, 2 young (2048K), 2 survivors (2048K)
 Metaspace       used 102155K, capacity 106345K, committed 106504K, reserved 1140736K
  class space    used 13363K, capacity 14998K, committed 15104K, reserved 1048576K
}
Event: 44.143 GC heap before
{Heap before GC invocations=92 (full 0):
 garbage-first heap   total 271360K, used 190273K [0x00000000a0000000, 0x0000000100000000)
  region size 1024K, 35 young (35840K), 2 survivors (2048K)
 Metaspace       used 102914K, capacity 107192K, committed 107400K, reserved 1142784K
  class space    used 13434K, capacity 15108K, committed 15232K, reserved 1048576K
}
Event: 44.156 GC heap after
{Heap after GC invocations=93 (full 0):
 garbage-first heap   total 271360K, used 167097K [0x00000000a0000000, 0x0000000100000000)
  region size 1024K, 5 young (5120K), 5 survivors (5120K)
 Metaspace       used 102914K, capacity 107192K, committed 107400K, reserved 1142784K
  class space    used 13434K, capacity 15108K, committed 15232K, reserved 1048576K
}
Event: 44.515 GC heap before
{Heap before GC invocations=93 (full 0):
 garbage-first heap   total 271360K, used 198841K [0x00000000a0000000, 0x0000000100000000)
  region size 1024K, 37 young (37888K), 5 survivors (5120K)
 Metaspace       used 105231K, capacity 109623K, committed 109704K, reserved 1144832K
  class space    used 13718K, capacity 15417K, committed 15488K, reserved 1048576K
}
Event: 44.525 GC heap after
{Heap after GC invocations=94 (full 0):
 garbage-first heap   total 271360K, used 169119K [0x00000000a0000000, 0x0000000100000000)
  region size 1024K, 2 young (2048K), 2 survivors (2048K)
 Metaspace       used 105231K, capacity 109623K, committed 109704K, reserved 1144832K
  class space    used 13718K, capacity 15417K, committed 15488K, reserved 1048576K
}
Event: 44.993 GC heap before
{Heap before GC invocations=95 (full 0):
 garbage-first heap   total 271360K, used 203935K [0x00000000a0000000, 0x0000000100000000)
  region size 1024K, 36 young (36864K), 2 survivors (2048K)
 Metaspace       used 107294K, capacity 111662K, committed 111752K, reserved 1144832K
  class space    used 14005K, capacity 15726K, committed 15744K, reserved 1048576K
}

